<?xml version="1.0" encoding="UTF-8"?>
<!-- Generated by org.testng.reporters.JUnitReportReporter -->
<testsuite hostname="Vedant-Honor" failures="0" tests="1" name="shopperstack.LoginTest.LoginwithValidEmailAndInvalidPassword" time="4.890" errors="0" timestamp="2024-05-25T15:07:28 BST" skipped="0">
  <testcase classname="shopperstack.LoginTest.LoginwithValidEmailAndInvalidPassword" name="verifyLoginWithValidEmailAndInvalidPassword" time="4.890"/>
  <system-out/>
</testsuite> <!-- shopperstack.LoginTest.LoginwithValidEmailAndInvalidPassword -->
