<?xml version="1.0" encoding="UTF-8"?>
<!-- Generated by org.testng.reporters.JUnitReportReporter -->
<testsuite hostname="Vedant-Honor" failures="0" tests="1" name="shopperstack.ProductCategory.womanCategory" time="12.667" errors="0" timestamp="2024-06-03T11:33:59 BST" skipped="0">
  <testcase classname="shopperstack.ProductCategory.womanCategory" name="ClickwomanCategoryLink" time="12.667"/>
  <system-out>
login Successfull  </system-out>
</testsuite> <!-- shopperstack.ProductCategory.womanCategory -->
