<?xml version="1.0" encoding="UTF-8"?>
<!-- Generated by org.testng.reporters.JUnitReportReporter -->
<testsuite hostname="Vedant-Honor" failures="0" tests="1" name="shopperstack.ProductCategory.electronicsCategory" time="12.613" errors="0" timestamp="2024-05-25T15:04:17 BST" skipped="0">
  <testcase classname="shopperstack.ProductCategory.electronicsCategory" name="clickElectronicCategoryLink" time="12.613"/>
  <system-out>
login Successfull  </system-out>
</testsuite> <!-- shopperstack.ProductCategory.electronicsCategory -->
