<?xml version="1.0" encoding="UTF-8"?>
<!-- Generated by org.testng.reporters.JUnitReportReporter -->
<testsuite hostname="Vedant-Honor" failures="0" tests="1" name="shopperstack.LoginTest.LoginwithInvalidEmailAndValidPassword" time="4.493" errors="0" timestamp="2024-05-30T16:25:26 BST" skipped="0">
  <testcase classname="shopperstack.LoginTest.LoginwithInvalidEmailAndValidPassword" name="verifyLoginWithInvalidEmailAndValidPassword" time="4.493"/>
  <system-out/>
</testsuite> <!-- shopperstack.LoginTest.LoginwithInvalidEmailAndValidPassword -->
