<?xml version="1.0" encoding="UTF-8"?>
<!-- Generated by org.testng.reporters.JUnitReportReporter -->
<testsuite hostname="Vedant-Honor" failures="0" tests="1" name="shopperstack.LoginTest.LoginWithoutProvidingCredentials" time="3.637" errors="0" timestamp="2024-05-30T23:04:52 BST" skipped="0">
  <testcase classname="shopperstack.LoginTest.LoginWithoutProvidingCredentials" name="verifyLoginWithoutProvidingCredentials" time="3.637"/>
  <system-out/>
</testsuite> <!-- shopperstack.LoginTest.LoginWithoutProvidingCredentials -->
