<?xml version="1.0" encoding="UTF-8"?>
<!-- Generated by org.testng.reporters.JUnitReportReporter -->
<testsuite hostname="Vedant-Honor" failures="0" tests="1" name="shopperstack.BuyProducts.buyProducts" time="16.591" errors="0" timestamp="2024-05-27T23:03:04 BST" skipped="0">
  <testcase classname="shopperstack.BuyProducts.buyProducts" name="buyNowButton" time="16.591"/>
  <system-out>
login Successfull  </system-out>
</testsuite> <!-- shopperstack.BuyProducts.buyProducts -->
