<?xml version="1.0" encoding="UTF-8"?>
<!-- Generated by org.testng.reporters.JUnitReportReporter -->
<testsuite hostname="Vedant-Honor" failures="0" tests="1" name="shopperstack.ProductCategory.womanCategory" time="5.221" errors="0" timestamp="2024-05-25T15:08:57 BST" skipped="0">
  <testcase classname="shopperstack.ProductCategory.womanCategory" name="ClickwomanCategoryLink" time="5.221"/>
  <system-out>
login Successfull  </system-out>
</testsuite> <!-- shopperstack.ProductCategory.womanCategory -->
