<?xml version="1.0" encoding="UTF-8"?>
<!-- Generated by org.testng.reporters.JUnitReportReporter -->
<testsuite hostname="Vedant-Honor" failures="0" tests="1" name="shopperstack.testcases.Search" time="18.765" errors="0" timestamp="2024-05-18T10:24:59 BST" skipped="0">
  <testcase classname="shopperstack.testcases.Search" name="verifySearchWithValidProduct" time="18.765"/>
  <system-out/>
</testsuite> <!-- shopperstack.testcases.Search -->
