<?xml version="1.0" encoding="UTF-8"?>
<!-- Generated by org.testng.reporters.JUnitReportReporter -->
<testsuite hostname="Vedant-Honor" failures="0" tests="1" name="shopperstack.LoginTest.LoginwithValidEmailAndInvalidPassword" time="5.965" errors="0" timestamp="2024-05-30T16:27:01 BST" skipped="0">
  <testcase classname="shopperstack.LoginTest.LoginwithValidEmailAndInvalidPassword" name="verifyLoginWithValidEmailAndInvalidPassword" time="5.965"/>
  <system-out/>
</testsuite> <!-- shopperstack.LoginTest.LoginwithValidEmailAndInvalidPassword -->
