<?xml version="1.0" encoding="UTF-8"?>
<!-- Generated by org.testng.reporters.JUnitReportReporter -->
<testsuite hostname="Vedant-Honor" failures="0" tests="1" name="shopperstack.LoginTest.RegisteringAnAccountWithMandatoryFields" time="13.263" errors="0" timestamp="2024-05-22T17:57:00 BST" skipped="0">
  <testcase classname="shopperstack.LoginTest.RegisteringAnAccountWithMandatoryFields" name="verifyRegisteringAnAccountWithMandatoryFields" time="13.263"/>
  <system-out/>
</testsuite> <!-- shopperstack.LoginTest.RegisteringAnAccountWithMandatoryFields -->
