<?xml version="1.0" encoding="UTF-8"?>
<!-- Generated by org.testng.reporters.JUnitReportReporter -->
<testsuite hostname="Vedant-Honor" failures="0" tests="2" name="shopperstack.testcases.Login" time="20.122" errors="0" timestamp="2024-05-21T10:40:47 BST" skipped="0">
  <testcase classname="shopperstack.testcases.Login" name="verifyLoginWithValidCredentials" time="9.069"/>
  <system-out/>
  <testcase classname="shopperstack.testcases.Login" name="verifyLoginWithValidCredentials" time="11.053"/>
  <system-out/>
</testsuite> <!-- shopperstack.testcases.Login -->
