<?xml version="1.0" encoding="UTF-8"?>
<!-- Generated by org.testng.reporters.JUnitReportReporter -->
<testsuite hostname="Vedant-Honor" failures="0" tests="2" name="shopperstack.testcases.Login" time="16.176" errors="0" timestamp="2024-05-21T09:45:05 BST" skipped="0">
  <testcase classname="shopperstack.testcases.Login" name="verifyLoginWithValidCredentials" time="7.435"/>
  <system-out/>
  <testcase classname="shopperstack.testcases.Login" name="verifyLoginWithValidCredentials" time="8.741"/>
  <system-out/>
</testsuite> <!-- shopperstack.testcases.Login -->
