<?xml version="1.0" encoding="UTF-8"?>
<!-- Generated by org.testng.reporters.JUnitReportReporter -->
<testsuite hostname="Vedant-Honor" failures="0" tests="1" name="shopperstack.LoginTest.RegisterpasswordMisMatchs" time="13.332" errors="0" timestamp="2024-05-22T18:00:37 BST" skipped="0">
  <testcase classname="shopperstack.LoginTest.RegisterpasswordMisMatchs" name="verifypasswordMisMatchs" time="13.332"/>
  <system-out/>
</testsuite> <!-- shopperstack.LoginTest.RegisterpasswordMisMatchs -->
