<?xml version="1.0" encoding="UTF-8"?>
<!-- Generated by org.testng.reporters.JUnitReportReporter -->
<testsuite hostname="Vedant-Honor" failures="0" tests="1" name="shopperstack.ProductCategory.MenCategory" time="5.134" errors="0" timestamp="2024-05-25T15:45:42 BST" skipped="0">
  <testcase classname="shopperstack.ProductCategory.MenCategory" name="ClickMenCategoryLink" time="5.134"/>
  <system-out>
login Successfull  </system-out>
</testsuite> <!-- shopperstack.ProductCategory.MenCategory -->
