<?xml version="1.0" encoding="UTF-8"?>
<!-- Generated by org.testng.reporters.JUnitReportReporter -->
<testsuite hostname="Vedant-Honor" failures="0" tests="6" name="shopperstack.testcases.Login" time="58.617" errors="0" timestamp="2024-05-18T10:24:59 BST" skipped="0">
  <testcase classname="shopperstack.testcases.Login" name="verifyLoginWithValidCredentials" time="8.555"/>
  <system-out/>
  <testcase classname="shopperstack.testcases.Login" name="verifyLoginWithValidCredentials" time="10.035"/>
  <system-out/>
  <testcase classname="shopperstack.testcases.Login" name="verifyLoginWithValidEmailAndInvalidPassword" time="10.299"/>
  <system-out/>
  <testcase classname="shopperstack.testcases.Login" name="verifyLoginWithInvalidEmailAndValidPassword" time="11.342"/>
  <system-out/>
  <testcase classname="shopperstack.testcases.Login" name="verifyLoginWithInvalidEmailandPassword" time="10.957"/>
  <system-out/>
  <testcase classname="shopperstack.testcases.Login" name="verifyLoginWithoutProvidingCredentials" time="7.429"/>
  <system-out/>
</testsuite> <!-- shopperstack.testcases.Login -->
