<?xml version="1.0" encoding="UTF-8"?>
<!-- Generated by org.testng.reporters.JUnitReportReporter -->
<testsuite hostname="Vedant-Honor" failures="0" tests="1" name="shopperstack.Payment.Payment" time="51.449" errors="0" timestamp="2024-06-03T11:33:59 BST" skipped="0">
  <testcase classname="shopperstack.Payment.Payment" name="paymentProduct" time="51.449"/>
  <system-out>
login Successfull  </system-out>
</testsuite> <!-- shopperstack.Payment.Payment -->
