<?xml version="1.0" encoding="UTF-8"?>
<!-- Generated by org.testng.reporters.JUnitReportReporter -->
<testsuite hostname="Vedant-Honor" failures="0" tests="1" name="shopperstack.LoginTest.LoginwithInvalidCredentials" time="4.399" errors="0" timestamp="2024-05-30T16:25:15 BST" skipped="0">
  <testcase classname="shopperstack.LoginTest.LoginwithInvalidCredentials" name="verifyLoginWithInvalidEmailandPassword" time="4.399"/>
  <system-out/>
</testsuite> <!-- shopperstack.LoginTest.LoginwithInvalidCredentials -->
