<?xml version="1.0" encoding="UTF-8"?>
<!-- Generated by org.testng.reporters.JUnitReportReporter -->
<testsuite hostname="Vedant-Honor" failures="0" tests="2" name="shopperstack.LoginTest.LoginwithValidCredential" time="8.034" errors="0" timestamp="2024-05-30T16:26:49 BST" skipped="0">
  <testcase classname="shopperstack.LoginTest.LoginwithValidCredential" name="verifyLoginWithValidCredentials" time="4.210"/>
  <system-out/>
  <testcase classname="shopperstack.LoginTest.LoginwithValidCredential" name="verifyLoginWithValidCredentials" time="3.824"/>
  <system-out/>
</testsuite> <!-- shopperstack.LoginTest.LoginwithValidCredential -->
