<?xml version="1.0" encoding="UTF-8"?>
<!-- Generated by org.testng.reporters.JUnitReportReporter -->
<testsuite hostname="Vedant-Honor" failures="0" tests="2" name="shopperstack.LoginTest.LoginwithValidCredential" time="19.295" errors="0" timestamp="2024-06-03T11:33:59 BST" skipped="0">
  <testcase classname="shopperstack.LoginTest.LoginwithValidCredential" name="verifyLoginWithValidCredentials" time="10.001"/>
  <system-out/>
  <testcase classname="shopperstack.LoginTest.LoginwithValidCredential" name="verifyLoginWithValidCredentials" time="9.294"/>
  <system-out/>
</testsuite> <!-- shopperstack.LoginTest.LoginwithValidCredential -->
