<?xml version="1.0" encoding="UTF-8"?>
<!-- Generated by org.testng.reporters.JUnitReportReporter -->
<testsuite hostname="Vedant-Honor" failures="0" tests="1" name="shopperstack.ProductCategory.electronicsCategory" time="21.316" errors="0" timestamp="2024-06-03T11:34:42 BST" skipped="0">
  <testcase classname="shopperstack.ProductCategory.electronicsCategory" name="clickElectronicCategoryLink" time="21.316"/>
  <system-out>
login Successfull  </system-out>
</testsuite> <!-- shopperstack.ProductCategory.electronicsCategory -->
