<?xml version="1.0" encoding="UTF-8"?>
<!-- Generated by org.testng.reporters.JUnitReportReporter -->
<testsuite hostname="Vedant-Honor" failures="0" tests="1" name="shopperstack.SearchTest.SearchWithValidProduct" time="9.830" errors="0" timestamp="2024-05-23T18:19:18 BST" skipped="0">
  <testcase classname="shopperstack.SearchTest.SearchWithValidProduct" name="verifySearchWithValidProduct" time="9.830"/>
  <system-out>
login Successfull  </system-out>
</testsuite> <!-- shopperstack.SearchTest.SearchWithValidProduct -->
