<?xml version="1.0" encoding="UTF-8"?>
<!-- Generated by org.testng.reporters.JUnitReportReporter -->
<testsuite hostname="Vedant-Honor" failures="0" tests="2" name="shopperstack.testcases.Register" time="26.801" errors="0" timestamp="2024-05-18T10:24:59 BST" skipped="0">
  <testcase classname="shopperstack.testcases.Register" name="verifyRegisteringAnAccountWithMandatoryFields" time="12.258"/>
  <system-out/>
  <testcase classname="shopperstack.testcases.Register" name="verifypasswordMisMatchs" time="14.543"/>
  <system-out/>
</testsuite> <!-- shopperstack.testcases.Register -->
