<?xml version="1.0" encoding="UTF-8"?>
<!-- Generated by org.testng.reporters.JUnitReportReporter -->
<testsuite hostname="Vedant-Honor" failures="0" tests="1" name="shopperstack.ProductCategory.kidsCategory" time="15.592" errors="0" timestamp="2024-06-03T11:33:59 BST" skipped="0">
  <testcase classname="shopperstack.ProductCategory.kidsCategory" name="ClickKidsCategoryLink" time="15.592"/>
  <system-out>
login Successfull  </system-out>
</testsuite> <!-- shopperstack.ProductCategory.kidsCategory -->
