<?xml version="1.0" encoding="UTF-8"?>
<!-- Generated by org.testng.reporters.JUnitReportReporter -->
<testsuite hostname="Vedant-Honor" failures="0" tests="2" name="shopperstack.LoginTest.Login" time="25.076" errors="0" timestamp="2024-05-22T16:25:45 BST" skipped="0">
  <testcase classname="shopperstack.LoginTest.Login" name="verifyLoginWithValidCredentials" time="10.289"/>
  <system-out/>
  <testcase classname="shopperstack.LoginTest.Login" name="verifyLoginWithValidCredentials" time="14.787"/>
  <system-out/>
</testsuite> <!-- shopperstack.LoginTest.Login -->
