<?xml version="1.0" encoding="UTF-8"?>
<!-- Generated by org.testng.reporters.JUnitReportReporter -->
<testsuite hostname="Vedant-Honor" failures="0" tests="1" name="shopperstack.LoginTest.SearchWithValidProduct" time="12.543" errors="0" timestamp="2024-05-22T18:03:55 BST" skipped="0">
  <testcase classname="shopperstack.LoginTest.SearchWithValidProduct" name="verifySearchWithValidProduct" time="12.543"/>
  <system-out>
login Successfull  </system-out>
</testsuite> <!-- shopperstack.LoginTest.SearchWithValidProduct -->
