<?xml version="1.0" encoding="UTF-8"?>
<!-- Generated by org.testng.reporters.JUnitReportReporter -->
<testsuite hostname="Vedant-Honor" failures="0" tests="1" name="shopperstack.LoginTest.LoginwithValidEmailAndInvalidPassword" time="10.453" errors="0" timestamp="2024-06-03T11:33:59 BST" skipped="0">
  <testcase classname="shopperstack.LoginTest.LoginwithValidEmailAndInvalidPassword" name="verifyLoginWithValidEmailAndInvalidPassword" time="10.453"/>
  <system-out/>
</testsuite> <!-- shopperstack.LoginTest.LoginwithValidEmailAndInvalidPassword -->
