<?xml version="1.0" encoding="UTF-8"?>
<!-- Generated by org.testng.reporters.JUnitReportReporter -->
<testsuite hostname="Vedant-Honor" failures="0" tests="2" name="shopperstack.LoginTest.LoginwithValidCredential" time="8.519" errors="0" timestamp="2024-05-25T15:06:59 BST" skipped="0">
  <testcase classname="shopperstack.LoginTest.LoginwithValidCredential" name="verifyLoginWithValidCredentials" time="3.882"/>
  <system-out/>
  <testcase classname="shopperstack.LoginTest.LoginwithValidCredential" name="verifyLoginWithValidCredentials" time="4.637"/>
  <system-out/>
</testsuite> <!-- shopperstack.LoginTest.LoginwithValidCredential -->
