<?xml version="1.0" encoding="UTF-8"?>
<!-- Generated by org.testng.reporters.JUnitReportReporter -->
<testsuite hostname="Vedant-Honor" failures="0" tests="1" name="shopperstack.AddCart.addMenProduct" time="43.267" errors="0" timestamp="2024-05-30T16:23:47 BST" skipped="0">
  <testcase classname="shopperstack.AddCart.addMenProduct" name="testAddShirtToCart" time="43.267"/>
  <system-out>
login Successfull  </system-out>
</testsuite> <!-- shopperstack.AddCart.addMenProduct -->
