<?xml version="1.0" encoding="UTF-8"?>
<!-- Generated by org.testng.reporters.JUnitReportReporter -->
<testsuite hostname="Vedant-Honor" failures="0" tests="1" name="shopperstack.LoginTest.LoginwithInvalidCredentials" time="5.932" errors="0" timestamp="2024-05-25T15:05:59 BST" skipped="0">
  <testcase classname="shopperstack.LoginTest.LoginwithInvalidCredentials" name="verifyLoginWithInvalidEmailandPassword" time="5.932"/>
  <system-out/>
</testsuite> <!-- shopperstack.LoginTest.LoginwithInvalidCredentials -->
