<?xml version="1.0" encoding="UTF-8"?>
<!-- Generated by org.testng.reporters.JUnitReportReporter -->
<testsuite hostname="Vedant-Honor" failures="0" tests="1" name="shopperstack.testcases.Register" time="10.411" errors="0" timestamp="2024-05-21T10:41:38 BST" skipped="0">
  <testcase classname="shopperstack.testcases.Register" name="verifyRegisteringAnAccountWithMandatoryFields" time="10.411"/>
  <system-out/>
</testsuite> <!-- shopperstack.testcases.Register -->
