<?xml version="1.0" encoding="UTF-8"?>
<!-- Generated by org.testng.reporters.JUnitReportReporter -->
<testsuite hostname="Vedant-Honor" failures="0" tests="1" name="shopperstack.RegisterTest.RegisteringAnAccountWithMandatoryFields" time="10.778" errors="0" timestamp="2024-06-03T11:33:59 BST" skipped="0">
  <testcase classname="shopperstack.RegisterTest.RegisteringAnAccountWithMandatoryFields" name="verifyRegisteringAnAccountWithMandatoryFields" time="10.778"/>
  <system-out/>
</testsuite> <!-- shopperstack.RegisterTest.RegisteringAnAccountWithMandatoryFields -->
