<?xml version="1.0" encoding="UTF-8"?>
<!-- Generated by org.testng.reporters.JUnitReportReporter -->
<testsuite hostname="Vedant-Honor" failures="0" tests="1" name="shopperstack.testcases.Search" time="11.489" errors="0" timestamp="2024-05-21T09:04:04 BST" skipped="0">
  <testcase classname="shopperstack.testcases.Search" name="verifySearchWithValidProduct" time="11.489"/>
  <system-out>
login Successfull  </system-out>
</testsuite> <!-- shopperstack.testcases.Search -->
