<?xml version="1.0" encoding="UTF-8"?>
<!-- Generated by org.testng.reporters.JUnitReportReporter -->
<testsuite hostname="Vedant-Honor" failures="0" tests="1" name="shopperstack.ProductCategory.beautyCategory" time="17.721" errors="0" timestamp="2024-05-25T15:08:09 BST" skipped="0">
  <testcase classname="shopperstack.ProductCategory.beautyCategory" name="ClickBeautyCategoryLink" time="17.721"/>
  <system-out>
login Successfull  </system-out>
</testsuite> <!-- shopperstack.ProductCategory.beautyCategory -->
