<?xml version="1.0" encoding="UTF-8"?>
<!-- Generated by org.testng.reporters.JUnitReportReporter -->
<testsuite hostname="Vedant-Honor" failures="0" tests="2" name="shopperstack.testcases.Register" time="39.964" errors="0" timestamp="2024-05-21T09:03:11 BST" skipped="0">
  <testcase classname="shopperstack.testcases.Register" name="verifypasswordMisMatchs" time="20.751"/>
  <system-out/>
  <testcase classname="shopperstack.testcases.Register" name="verifyRegisteringAnAccountWithMandatoryFields" time="19.213"/>
  <system-out/>
</testsuite> <!-- shopperstack.testcases.Register -->
